[2025-04-24 07:20:13Z INFO HostContext] No proxy settings were found based on environmental variables (http_proxy/https_proxy/HTTP_PROXY/HTTPS_PROXY)
[2025-04-24 07:20:13Z INFO HostContext] Well known directory 'Bin': '/home/supamongkol_kid/projects/actions-runner/bin'
[2025-04-24 07:20:13Z INFO HostContext] Well known directory 'Root': '/home/supamongkol_kid/projects/actions-runner'
[2025-04-24 07:20:13Z INFO HostContext] Well known config file 'Credentials': '/home/supamongkol_kid/projects/actions-runner/.credentials'
[2025-04-24 07:20:13Z INFO HostContext] Well known directory 'Bin': '/home/supamongkol_kid/projects/actions-runner/bin'
[2025-04-24 07:20:13Z INFO HostContext] Well known directory 'Root': '/home/supamongkol_kid/projects/actions-runner'
[2025-04-24 07:20:13Z INFO HostContext] Well known config file 'Runner': '/home/supamongkol_kid/projects/actions-runner/.runner'
[2025-04-24 07:20:13Z INFO Listener] Runner is built for Linux (X64) - linux-x64.
[2025-04-24 07:20:13Z INFO Listener] RuntimeInformation: Ubuntu 24.04 LTS.
[2025-04-24 07:20:13Z INFO Listener] Version: 2.323.0
[2025-04-24 07:20:13Z INFO Listener] Commit: d8b82f44a9ec0258904d5869ae683c31d5aac299
[2025-04-24 07:20:13Z INFO Listener] Culture: en-US
[2025-04-24 07:20:13Z INFO Listener] UI Culture: en-US
[2025-04-24 07:20:13Z INFO HostContext] Well known directory 'Bin': '/home/supamongkol_kid/projects/actions-runner/bin'
[2025-04-24 07:20:13Z INFO HostContext] Well known directory 'Root': '/home/supamongkol_kid/projects/actions-runner'
[2025-04-24 07:20:13Z INFO Listener] Validating directory permissions for: '/home/supamongkol_kid/projects/actions-runner'
[2025-04-24 07:20:13Z INFO CommandLineParser] Parse
[2025-04-24 07:20:13Z INFO CommandLineParser] Parsing 5 args
[2025-04-24 07:20:13Z INFO CommandLineParser] parsing argument
[2025-04-24 07:20:13Z INFO CommandLineParser] HasArgs: False
[2025-04-24 07:20:13Z INFO CommandLineParser] Adding Command: configure
[2025-04-24 07:20:13Z INFO CommandLineParser] parsing argument
[2025-04-24 07:20:13Z INFO CommandLineParser] HasArgs: True
[2025-04-24 07:20:13Z INFO CommandLineParser] arg: url
[2025-04-24 07:20:13Z INFO CommandLineParser] parsing argument
[2025-04-24 07:20:13Z INFO CommandLineParser] HasArgs: True
[2025-04-24 07:20:13Z INFO CommandLineParser] Adding option 'url': 'https://github.com/ball0803/alumni_api'
[2025-04-24 07:20:13Z INFO CommandLineParser] parsing argument
[2025-04-24 07:20:13Z INFO CommandLineParser] HasArgs: True
[2025-04-24 07:20:13Z INFO CommandLineParser] arg: token
[2025-04-24 07:20:13Z INFO CommandLineParser] parsing argument
[2025-04-24 07:20:13Z INFO CommandLineParser] HasArgs: True
[2025-04-24 07:20:13Z INFO CommandLineParser] Adding option 'token': '***'
[2025-04-24 07:20:13Z INFO Listener] Arguments parsed
[2025-04-24 07:20:13Z INFO Runner] ExecuteCommand
[2025-04-24 07:20:13Z INFO ConfigurationStore] currentAssemblyLocation: /home/supamongkol_kid/projects/actions-runner/bin/Runner.Listener.dll
[2025-04-24 07:20:13Z INFO HostContext] Well known directory 'Bin': '/home/supamongkol_kid/projects/actions-runner/bin'
[2025-04-24 07:20:13Z INFO ConfigurationStore] binPath: /home/supamongkol_kid/projects/actions-runner/bin
[2025-04-24 07:20:13Z INFO HostContext] Well known directory 'Bin': '/home/supamongkol_kid/projects/actions-runner/bin'
[2025-04-24 07:20:13Z INFO HostContext] Well known directory 'Root': '/home/supamongkol_kid/projects/actions-runner'
[2025-04-24 07:20:13Z INFO ConfigurationStore] RootFolder: /home/supamongkol_kid/projects/actions-runner
[2025-04-24 07:20:13Z INFO HostContext] Well known directory 'Bin': '/home/supamongkol_kid/projects/actions-runner/bin'
[2025-04-24 07:20:13Z INFO HostContext] Well known directory 'Root': '/home/supamongkol_kid/projects/actions-runner'
[2025-04-24 07:20:13Z INFO HostContext] Well known config file 'Runner': '/home/supamongkol_kid/projects/actions-runner/.runner'
[2025-04-24 07:20:13Z INFO ConfigurationStore] ConfigFilePath: /home/supamongkol_kid/projects/actions-runner/.runner
[2025-04-24 07:20:13Z INFO HostContext] Well known directory 'Bin': '/home/supamongkol_kid/projects/actions-runner/bin'
[2025-04-24 07:20:13Z INFO HostContext] Well known directory 'Root': '/home/supamongkol_kid/projects/actions-runner'
[2025-04-24 07:20:13Z INFO HostContext] Well known config file 'MigratedRunner': '/home/supamongkol_kid/projects/actions-runner/.runner_migrated'
[2025-04-24 07:20:13Z INFO ConfigurationStore] MigratedConfigFilePath: /home/supamongkol_kid/projects/actions-runner/.runner_migrated
[2025-04-24 07:20:13Z INFO HostContext] Well known directory 'Bin': '/home/supamongkol_kid/projects/actions-runner/bin'
[2025-04-24 07:20:13Z INFO HostContext] Well known directory 'Root': '/home/supamongkol_kid/projects/actions-runner'
[2025-04-24 07:20:13Z INFO HostContext] Well known config file 'Credentials': '/home/supamongkol_kid/projects/actions-runner/.credentials'
[2025-04-24 07:20:13Z INFO ConfigurationStore] CredFilePath: /home/supamongkol_kid/projects/actions-runner/.credentials
[2025-04-24 07:20:13Z INFO HostContext] Well known directory 'Bin': '/home/supamongkol_kid/projects/actions-runner/bin'
[2025-04-24 07:20:13Z INFO HostContext] Well known directory 'Root': '/home/supamongkol_kid/projects/actions-runner'
[2025-04-24 07:20:13Z INFO HostContext] Well known config file 'MigratedCredentials': '/home/supamongkol_kid/projects/actions-runner/.credentials_migrated'
[2025-04-24 07:20:13Z INFO ConfigurationStore] MigratedCredFilePath: /home/supamongkol_kid/projects/actions-runner/.credentials_migrated
[2025-04-24 07:20:13Z INFO HostContext] Well known directory 'Bin': '/home/supamongkol_kid/projects/actions-runner/bin'
[2025-04-24 07:20:13Z INFO HostContext] Well known directory 'Root': '/home/supamongkol_kid/projects/actions-runner'
[2025-04-24 07:20:13Z INFO HostContext] Well known config file 'Service': '/home/supamongkol_kid/projects/actions-runner/.service'
[2025-04-24 07:20:13Z INFO ConfigurationStore] ServiceConfigFilePath: /home/supamongkol_kid/projects/actions-runner/.service
[2025-04-24 07:20:13Z INFO CommandSettings] Flag 'help': 'False'
[2025-04-24 07:20:13Z INFO CommandSettings] Flag 'version': 'False'
[2025-04-24 07:20:13Z INFO CommandSettings] Flag 'commit': 'False'
[2025-04-24 07:20:13Z INFO CommandSettings] Flag 'check': 'False'
[2025-04-24 07:20:13Z INFO CommandSettings] Command 'configure': 'True'
[2025-04-24 07:20:13Z INFO Terminal] WRITE LINE: 
[2025-04-24 07:20:13Z INFO Terminal] WRITE LINE: --------------------------------------------------------------------------------
[2025-04-24 07:20:13Z INFO Terminal] WRITE LINE: |        ____ _ _   _   _       _          _        _   _                      |
[2025-04-24 07:20:13Z INFO Terminal] WRITE LINE: |       / ___(_) |_| | | |_   _| |__      / \   ___| |_(_) ___  _ __  ___      |
[2025-04-24 07:20:13Z INFO Terminal] WRITE LINE: |      | |  _| | __| |_| | | | | '_ \    / _ \ / __| __| |/ _ \| '_ \/ __|     |
[2025-04-24 07:20:13Z INFO Terminal] WRITE LINE: |      | |_| | | |_|  _  | |_| | |_) |  / ___ \ (__| |_| | (_) | | | \__ \     |
[2025-04-24 07:20:13Z INFO Terminal] WRITE LINE: |       \____|_|\__|_| |_|\__,_|_.__/  /_/   \_\___|\__|_|\___/|_| |_|___/     |
[2025-04-24 07:20:13Z INFO Terminal] WRITE LINE: |                                                                              |
[2025-04-24 07:20:13Z INFO Terminal] WRITE: |                       
[2025-04-24 07:20:13Z INFO Terminal] WRITE: Self-hosted runner registration
[2025-04-24 07:20:13Z INFO Terminal] WRITE LINE:                         |
[2025-04-24 07:20:13Z INFO Terminal] WRITE LINE: |                                                                              |
[2025-04-24 07:20:13Z INFO Terminal] WRITE LINE: --------------------------------------------------------------------------------
[2025-04-24 07:20:13Z INFO ConfigurationManager] ConfigureAsync
[2025-04-24 07:20:13Z INFO CommandSettings] Flag 'generateServiceConfig': 'False'
[2025-04-24 07:20:13Z INFO ConfigurationStore] IsConfigured()
[2025-04-24 07:20:13Z INFO ConfigurationStore] IsConfigured: False
[2025-04-24 07:20:13Z INFO ConfigurationManager] Is configured: False
[2025-04-24 07:20:13Z INFO CommandSettings] Arg 'url': 'https://github.com/ball0803/alumni_api'
[2025-04-24 07:20:13Z INFO CommandSettings] Remove url from Arg dictionary.
[2025-04-24 07:20:13Z INFO CommandSettings] Arg 'token': '***'
[2025-04-24 07:20:13Z INFO CommandSettings] Remove token from Arg dictionary.
[2025-04-24 07:20:14Z INFO ConfigurationManager] Http response code: OK from 'POST https://api.github.com/actions/runner-registration' (1A7E:29E6AD:DA341:EABFB:6809E62D)
[2025-04-24 07:20:14Z INFO ConfigurationManager] Using V2 flow: False
[2025-04-24 07:20:14Z INFO ConfigurationManager] cred retrieved via GitHub auth
[2025-04-24 07:20:14Z INFO RunnerServer] EstablishVssConnection
[2025-04-24 07:20:14Z INFO RunnerServer] Establish connection with 100 seconds timeout.
[2025-04-24 07:20:14Z INFO GitHubActionsService] Starting operation Location.GetConnectionData
[2025-04-24 07:20:14Z INFO RunnerServer] EstablishVssConnection
[2025-04-24 07:20:14Z INFO RunnerServer] Establish connection with 60 seconds timeout.
[2025-04-24 07:20:14Z INFO GitHubActionsService] Starting operation Location.GetConnectionData
[2025-04-24 07:20:14Z INFO RunnerServer] EstablishVssConnection
[2025-04-24 07:20:14Z INFO RunnerServer] Establish connection with 60 seconds timeout.
[2025-04-24 07:20:14Z INFO GitHubActionsService] Starting operation Location.GetConnectionData
[2025-04-24 07:20:16Z INFO GitHubActionsService] Finished operation Location.GetConnectionData
[2025-04-24 07:20:16Z INFO GitHubActionsService] Finished operation Location.GetConnectionData
[2025-04-24 07:20:16Z INFO GitHubActionsService] Finished operation Location.GetConnectionData
[2025-04-24 07:20:16Z INFO Terminal] WRITE LINE: 
[2025-04-24 07:20:16Z INFO ConfigurationManager] Test Connection complete.
[2025-04-24 07:20:16Z INFO HostContext] Well known directory 'Bin': '/home/supamongkol_kid/projects/actions-runner/bin'
[2025-04-24 07:20:16Z INFO HostContext] Well known directory 'Root': '/home/supamongkol_kid/projects/actions-runner'
[2025-04-24 07:20:16Z INFO HostContext] Well known config file 'RSACredentials': '/home/supamongkol_kid/projects/actions-runner/.credentials_rsaparams'
[2025-04-24 07:20:16Z INFO RSAFileKeyManager] Creating new RSA key using 2048-bit key length
[2025-04-24 07:20:17Z INFO RSAFileKeyManager] Successfully saved RSA key parameters to file /home/supamongkol_kid/projects/actions-runner/.credentials_rsaparams
[2025-04-24 07:20:17Z INFO RSAFileKeyManager] Which2: 'chmod'
[2025-04-24 07:20:17Z INFO RSAFileKeyManager] Location: '/usr/bin/chmod'
[2025-04-24 07:20:17Z INFO HostContext] Well known directory 'Bin': '/home/supamongkol_kid/projects/actions-runner/bin'
[2025-04-24 07:20:17Z INFO HostContext] Well known directory 'Root': '/home/supamongkol_kid/projects/actions-runner'
[2025-04-24 07:20:17Z INFO ProcessInvokerWrapper] Starting process:
[2025-04-24 07:20:17Z INFO ProcessInvokerWrapper]   File name: '/usr/bin/chmod'
[2025-04-24 07:20:17Z INFO ProcessInvokerWrapper]   Arguments: '600 /home/supamongkol_kid/projects/actions-runner/.credentials_rsaparams'
[2025-04-24 07:20:17Z INFO ProcessInvokerWrapper]   Working directory: '/home/supamongkol_kid/projects/actions-runner'
[2025-04-24 07:20:17Z INFO ProcessInvokerWrapper]   Require exit code zero: 'False'
[2025-04-24 07:20:17Z INFO ProcessInvokerWrapper]   Encoding web name:  ; code page: ''
[2025-04-24 07:20:17Z INFO ProcessInvokerWrapper]   Force kill process on cancellation: 'False'
[2025-04-24 07:20:17Z INFO ProcessInvokerWrapper]   Redirected STDIN: 'False'
[2025-04-24 07:20:17Z INFO ProcessInvokerWrapper]   Persist current code page: 'False'
[2025-04-24 07:20:17Z INFO ProcessInvokerWrapper]   Keep redirected STDIN open: 'False'
[2025-04-24 07:20:17Z INFO ProcessInvokerWrapper]   High priority process: 'False'
[2025-04-24 07:20:17Z INFO ProcessInvokerWrapper] Process started with process id 393090, waiting for process exit.
[2025-04-24 07:20:17Z INFO ProcessInvokerWrapper] STDOUT/STDERR stream read finished.
[2025-04-24 07:20:17Z INFO ProcessInvokerWrapper] STDOUT/STDERR stream read finished.
[2025-04-24 07:20:17Z INFO ProcessInvokerWrapper] Finished process 393090 with exit code 0, and elapsed time 00:00:00.0046567.
[2025-04-24 07:20:17Z INFO RSAFileKeyManager] Successfully set permissions for RSA key parameters file /home/supamongkol_kid/projects/actions-runner/.credentials_rsaparams
[2025-04-24 07:20:17Z INFO CommandSettings] Arg 'runnergroup': ''
[2025-04-24 07:20:17Z INFO CommandSettings] Flag 'unattended': 'False'
[2025-04-24 07:20:17Z INFO PromptManager] ReadValue
[2025-04-24 07:20:17Z INFO Terminal] WRITE: Enter the name of the runner group to add this runner to: 
[2025-04-24 07:20:17Z INFO Terminal] WRITE: [press Enter for Default] 
[2025-04-24 07:20:17Z INFO Terminal] READ LINE
[2025-04-24 07:20:24Z INFO Terminal] Read value: ''
[2025-04-24 07:20:24Z INFO PromptManager] Falling back to the default: 'Default'
[2025-04-24 07:20:24Z INFO Terminal] WRITE LINE: 
[2025-04-24 07:20:24Z INFO ConfigurationManager] Found a self-hosted runner group with id 1 and name Default
[2025-04-24 07:20:24Z INFO CommandSettings] Flag 'disableupdate': 'False'
[2025-04-24 07:20:24Z INFO CommandSettings] Flag 'ephemeral': 'False'
[2025-04-24 07:20:24Z INFO CommandSettings] Arg 'name': ''
[2025-04-24 07:20:24Z INFO CommandSettings] Flag 'unattended': 'False'
[2025-04-24 07:20:24Z INFO PromptManager] ReadValue
[2025-04-24 07:20:24Z INFO Terminal] WRITE: Enter the name of runner: 
[2025-04-24 07:20:24Z INFO Terminal] WRITE: [press Enter for CPE-Alumni-VM] 
[2025-04-24 07:20:24Z INFO Terminal] READ LINE
[2025-04-24 07:20:27Z INFO Terminal] Read value: ''
[2025-04-24 07:20:27Z INFO PromptManager] Falling back to the default: 'CPE-Alumni-VM'
[2025-04-24 07:20:27Z INFO Terminal] WRITE LINE: 
[2025-04-24 07:20:27Z INFO CommandSettings] Arg 'labels': ''
[2025-04-24 07:20:27Z INFO CommandSettings] Flag 'unattended': 'False'
[2025-04-24 07:20:27Z INFO PromptManager] ReadValue
[2025-04-24 07:20:27Z INFO Terminal] WRITE: This runner will have the following labels: 'self-hosted', 'Linux', 'X64' 
Enter any additional labels (ex. label-1,label-2): 
[2025-04-24 07:20:27Z INFO Terminal] WRITE: [press Enter to skip] 
[2025-04-24 07:20:27Z INFO Terminal] READ LINE
[2025-04-24 07:20:30Z INFO Terminal] Read value: ''
[2025-04-24 07:20:30Z INFO Terminal] WRITE LINE: 
[2025-04-24 07:20:31Z INFO CommandSettings] Flag 'disableupdate': 'False'
[2025-04-24 07:20:31Z INFO CommandSettings] Flag 'no-default-labels': 'False'
[2025-04-24 07:20:31Z INFO CommandSettings] Flag 'disableupdate': 'False'
[2025-04-24 07:20:31Z INFO CommandSettings] Flag 'ephemeral': 'False'
[2025-04-24 07:20:31Z INFO ConfigurationStore] Saving OAuth credential @ /home/supamongkol_kid/projects/actions-runner/.credentials
[2025-04-24 07:20:31Z INFO ConfigurationStore] Credentials Saved.
[2025-04-24 07:20:31Z INFO ConfigurationStore] HasCredentials()
[2025-04-24 07:20:31Z INFO ConfigurationStore] stored True
[2025-04-24 07:20:31Z INFO CredentialManager] GetCredentialProvider
[2025-04-24 07:20:31Z INFO CredentialManager] Creating type OAuth
[2025-04-24 07:20:31Z INFO CredentialManager] Creating credential type: OAuth
[2025-04-24 07:20:31Z INFO RSAFileKeyManager] Loading RSA key parameters from file /home/supamongkol_kid/projects/actions-runner/.credentials_rsaparams
[2025-04-24 07:20:31Z INFO RunnerServer] EstablishVssConnection
[2025-04-24 07:20:31Z INFO RunnerServer] Establish connection with 100 seconds timeout.
[2025-04-24 07:20:31Z INFO GitHubActionsService] Starting operation Location.GetConnectionData
[2025-04-24 07:20:31Z INFO RunnerServer] EstablishVssConnection
[2025-04-24 07:20:31Z INFO RunnerServer] Establish connection with 60 seconds timeout.
[2025-04-24 07:20:31Z INFO GitHubActionsService] Starting operation Location.GetConnectionData
[2025-04-24 07:20:31Z INFO RunnerServer] EstablishVssConnection
[2025-04-24 07:20:31Z INFO RunnerServer] Establish connection with 60 seconds timeout.
[2025-04-24 07:20:31Z INFO GitHubActionsService] Starting operation Location.GetConnectionData
[2025-04-24 07:20:32Z INFO GitHubActionsService] Finished operation Location.GetConnectionData
[2025-04-24 07:20:32Z INFO GitHubActionsService] Finished operation Location.GetConnectionData
[2025-04-24 07:20:32Z INFO GitHubActionsService] Finished operation Location.GetConnectionData
[2025-04-24 07:20:33Z INFO RSAFileKeyManager] Loading RSA key parameters from file /home/supamongkol_kid/projects/actions-runner/.credentials_rsaparams
[2025-04-24 07:20:33Z INFO RSAFileKeyManager] Loading RSA key parameters from file /home/supamongkol_kid/projects/actions-runner/.credentials_rsaparams
[2025-04-24 07:20:34Z INFO GitHubActionsService] AAD Correlation ID for this token request: Unknown
[2025-04-24 07:20:34Z INFO CommandSettings] Arg 'work': ''
[2025-04-24 07:20:34Z INFO CommandSettings] Flag 'unattended': 'False'
[2025-04-24 07:20:34Z INFO PromptManager] ReadValue
[2025-04-24 07:20:34Z INFO Terminal] WRITE: Enter name of work folder: 
[2025-04-24 07:20:34Z INFO Terminal] WRITE: [press Enter for _work] 
[2025-04-24 07:20:34Z INFO Terminal] READ LINE
[2025-04-24 07:20:37Z INFO Terminal] Read value: ''
[2025-04-24 07:20:37Z INFO PromptManager] Falling back to the default: '_work'
[2025-04-24 07:20:37Z INFO ConfigurationStore] Saving runner settings.
[2025-04-24 07:20:37Z INFO ConfigurationStore] Settings Saved.
[2025-04-24 07:20:37Z INFO Terminal] WRITE LINE: 
[2025-04-24 07:20:37Z INFO Terminal] WRITE LINE: 
[2025-04-24 07:20:37Z INFO SystemDControlManager] Service name 'actions.runner.ball0803-alumni_api.CPE-Alumni-VM.service' display name 'GitHub Actions Runner (ball0803-alumni_api.CPE-Alumni-VM)' will be used for service configuration.
[2025-04-24 07:20:37Z INFO HostContext] Well known directory 'Bin': '/home/supamongkol_kid/projects/actions-runner/bin'
[2025-04-24 07:20:37Z INFO HostContext] Well known directory 'Root': '/home/supamongkol_kid/projects/actions-runner'
[2025-04-24 07:20:37Z INFO HostContext] Well known directory 'Bin': '/home/supamongkol_kid/projects/actions-runner/bin'
[2025-04-24 07:20:37Z INFO HostContext] Well known directory 'Bin': '/home/supamongkol_kid/projects/actions-runner/bin'
[2025-04-24 07:20:37Z INFO HostContext] Well known directory 'Root': '/home/supamongkol_kid/projects/actions-runner'
[2025-04-24 07:20:37Z INFO UnixUtil] Which2: 'chmod'
[2025-04-24 07:20:37Z INFO UnixUtil] Location: '/usr/bin/chmod'
[2025-04-24 07:20:37Z INFO UnixUtil] Running /usr/bin/chmod 755 "/home/supamongkol_kid/projects/actions-runner/svc.sh"
[2025-04-24 07:20:37Z INFO ProcessInvokerWrapper] Starting process:
[2025-04-24 07:20:37Z INFO ProcessInvokerWrapper]   File name: '/usr/bin/chmod'
[2025-04-24 07:20:37Z INFO ProcessInvokerWrapper]   Arguments: '755 "/home/supamongkol_kid/projects/actions-runner/svc.sh"'
[2025-04-24 07:20:37Z INFO ProcessInvokerWrapper]   Working directory: '/home/supamongkol_kid/projects/actions-runner'
[2025-04-24 07:20:37Z INFO ProcessInvokerWrapper]   Require exit code zero: 'True'
[2025-04-24 07:20:37Z INFO ProcessInvokerWrapper]   Encoding web name:  ; code page: ''
[2025-04-24 07:20:37Z INFO ProcessInvokerWrapper]   Force kill process on cancellation: 'False'
[2025-04-24 07:20:37Z INFO ProcessInvokerWrapper]   Redirected STDIN: 'False'
[2025-04-24 07:20:37Z INFO ProcessInvokerWrapper]   Persist current code page: 'False'
[2025-04-24 07:20:37Z INFO ProcessInvokerWrapper]   Keep redirected STDIN open: 'False'
[2025-04-24 07:20:37Z INFO ProcessInvokerWrapper]   High priority process: 'False'
[2025-04-24 07:20:37Z INFO ProcessInvokerWrapper] Updated oom_score_adj to 500 for PID: 393094.
[2025-04-24 07:20:37Z INFO ProcessInvokerWrapper] Process started with process id 393094, waiting for process exit.
[2025-04-24 07:20:37Z INFO ProcessInvokerWrapper] STDOUT/STDERR stream read finished.
[2025-04-24 07:20:37Z INFO ProcessInvokerWrapper] STDOUT/STDERR stream read finished.
[2025-04-24 07:20:37Z INFO ProcessInvokerWrapper] Finished process 393094 with exit code 0, and elapsed time 00:00:00.0016599.
[2025-04-24 07:20:37Z INFO Listener] Runner execution has finished with return code 0
